<?xml version="1.0" encoding="UTF-8"?>
<testng-results ignored="0" total="2" passed="2" failed="0" skipped="0">
  <reporter-output>
    <line>
      <![CDATA[ @@@@loginChrome######]]>
    </line>
    <line>
      <![CDATA[ @@@@loginFirefox######]]>
    </line>
  </reporter-output>
  <suite started-at="2022-01-24T19:18:34 IST" name="Suite" finished-at="2022-01-24T19:19:26 IST" duration-ms="52306">
    <groups>
    </groups>
    <test started-at="2022-01-24T19:18:34 IST" name="Test" finished-at="2022-01-24T19:19:26 IST" duration-ms="52306">
      <class name="scripts.DragAndDrop">
        <test-method signature="verifyDragAndDrop()[pri:0, instance:scripts.DragAndDrop@58134517]" started-at="2022-01-24T19:18:46 IST" name="verifyDragAndDrop" finished-at="2022-01-24T19:19:26 IST" duration-ms="39671" status="PASS">
          <reporter-output>
            <line>
              <![CDATA[ @@@@loginFirefox######]]>
            </line>
          </reporter-output>
        </test-method> <!-- verifyDragAndDrop -->
      </class> <!-- scripts.DragAndDrop -->
      <class name="scripts.FrameTest">
        <test-method signature="f()[pri:0, instance:scripts.FrameTest@279ad2e3]" started-at="2022-01-24T19:18:34 IST" name="f" finished-at="2022-01-24T19:18:46 IST" duration-ms="12557" status="PASS">
          <reporter-output>
            <line>
              <![CDATA[ @@@@loginChrome######]]>
            </line>
          </reporter-output>
        </test-method> <!-- f -->
      </class> <!-- scripts.FrameTest -->
    </test> <!-- Test -->
  </suite> <!-- Suite -->
</testng-results>
